<?xml version="1.0" encoding="UTF-8"?>
<!-- Generated by org.testng.reporters.JUnitReportReporter -->
<testsuite skipped="0" hostname="DESKTOP-N60QB27" name="oct18.T2" tests="1" failures="0" timestamp="2022-10-18T11:50:51 IST" time="31.881" errors="0">
  <testcase name="m1" time="31.881" classname="oct18.T2"/>
  <system-out/>
</testsuite> <!-- oct18.T2 -->
