<?xml version="1.0" encoding="UTF-8"?>
<!-- Generated by org.testng.reporters.JUnitReportReporter -->
<testsuite skipped="0" hostname="DESKTOP-N60QB27" name="oct18.T6" tests="1" failures="0" timestamp="2022-10-18T12:10:39 IST" time="16.566" errors="0">
  <testcase name="m1" time="16.566" classname="oct18.T6"/>
  <system-out/>
</testsuite> <!-- oct18.T6 -->
