<?xml version="1.0" encoding="UTF-8"?>
<!-- Generated by org.testng.reporters.JUnitReportReporter -->
<testsuite skipped="0" hostname="DESKTOP-N60QB27" name="oct18.T7" tests="1" failures="0" timestamp="2022-10-18T12:15:38 IST" time="32.274" errors="0">
  <testcase name="m1" time="32.274" classname="oct18.T7"/>
  <system-out/>
</testsuite> <!-- oct18.T7 -->
