<?xml version="1.0" encoding="UTF-8"?>
<!-- Generated by org.testng.reporters.JUnitReportReporter -->
<testsuite skipped="0" hostname="DESKTOP-N60QB27" name="tests2.day1" tests="2" failures="0" timestamp="2022-10-17T18:25:36 IST" time="0.009" errors="0">
  <testcase name="demo" time="0.008" classname="tests2.day1"/>
  <system-out/>
  <testcase name="secondTest" time="0.001" classname="tests2.day1"/>
  <system-out/>
</testsuite> <!-- tests2.day1 -->
