<?xml version="1.0" encoding="UTF-8"?>
<!-- Generated by org.testng.reporters.JUnitReportReporter -->
<testsuite skipped="0" hostname="DESKTOP-N60QB27" name="tests.day2" tests="2" failures="0" timestamp="2022-10-17T16:47:46 IST" time="0.006" errors="0">
  <testcase name="demo" time="0.003" classname="tests.day2"/>
  <system-out/>
  <testcase name="secondTest" time="0.003" classname="tests.day2"/>
  <system-out/>
</testsuite> <!-- tests.day2 -->
