<?xml version="1.0" encoding="UTF-8"?>
<!-- Generated by org.testng.reporters.JUnitReportReporter -->
<testsuite skipped="0" hostname="DESKTOP-N60QB27" name="oct18.T3" tests="1" failures="0" timestamp="2022-10-18T11:53:57 IST" time="24.654" errors="0">
  <testcase name="m1" time="24.654" classname="oct18.T3"/>
  <system-out/>
</testsuite> <!-- oct18.T3 -->
