<?xml version="1.0" encoding="UTF-8"?>
<!-- Generated by org.testng.reporters.JUnitReportReporter -->
<testsuite skipped="0" hostname="DESKTOP-N60QB27" name="tests.day1" tests="2" failures="0" timestamp="2022-10-17T16:47:46 IST" time="0.019" errors="0">
  <testcase name="secondTest" time="0.002" classname="tests.day1"/>
  <system-out/>
  <testcase name="demo" time="0.017" classname="tests.day1"/>
  <system-out/>
</testsuite> <!-- tests.day1 -->
