<?xml version="1.0" encoding="UTF-8"?>
<!-- Generated by org.testng.reporters.JUnitReportReporter -->
<testsuite skipped="0" hostname="DESKTOP-N60QB27" name="oct18.T5" tests="1" failures="0" timestamp="2022-10-18T12:05:00 IST" time="21.825" errors="0">
  <testcase name="m1" time="21.825" classname="oct18.T5"/>
  <system-out/>
</testsuite> <!-- oct18.T5 -->
